# JRE version: OpenJDK Runtime Environment (11.0.10) (build 11.0.10+0-b96-7249189)
# Java VM: OpenJDK 64-Bit Server VM (11.0.10+0-b96-7249189, mixed mode, tiered, compressed oops, g1 gc, windows-amd64)
Heap:
 garbage-first heap   total 126976K, used 64355K [0x0000000080000000, 0x0000000100000000)
  region size 1024K, 12 young (12288K), 5 survivors (5120K)
 Metaspace       used 66136K, capacity 67689K, committed 67916K, reserved 1107968K
  class space    used 8360K, capacity 8924K, committed 9036K, reserved 1048576K
GC Heap History (20 events):
Event: 10.217 GC heap before
{Heap before GC invocations=5 (full 0):
 garbage-first heap   total 126976K, used 21741K [0x0000000080000000, 0x0000000100000000)
  region size 1024K, 12 young (12288K), 6 survivors (6144K)
 Metaspace       used 20592K, capacity 21096K, committed 21248K, reserved 1067008K
  class space    used 2508K, capacity 2690K, committed 2816K, reserved 1048576K
}
Event: 10.224 GC heap after
{Heap after GC invocations=6 (full 0):
 garbage-first heap   total 126976K, used 17127K [0x0000000080000000, 0x0000000100000000)
  region size 1024K, 3 young (3072K), 3 survivors (3072K)
 Metaspace       used 20592K, capacity 21096K, committed 21248K, reserved 1067008K
  class space    used 2508K, capacity 2690K, committed 2816K, reserved 1048576K
}
Event: 13.362 GC heap before
{Heap before GC invocations=7 (full 0):
 garbage-first heap   total 126976K, used 72423K [0x0000000080000000, 0x0000000100000000)
  region size 1024K, 57 young (58368K), 3 survivors (3072K)
 Metaspace       used 26032K, capacity 26687K, committed 26752K, reserved 1073152K
  class space    used 3404K, capacity 3665K, committed 3712K, reserved 1048576K
}
Event: 13.370 GC heap after
{Heap after GC invocations=8 (full 0):
 garbage-first heap   total 126976K, used 18841K [0x0000000080000000, 0x0000000100000000)
  region size 1024K, 5 young (5120K), 5 survivors (5120K)
 Metaspace       used 26032K, capacity 26687K, committed 26752K, reserved 1073152K
  class space    used 3404K, capacity 3665K, committed 3712K, reserved 1048576K
}
Event: 16.849 GC heap before
{Heap before GC invocations=8 (full 0):
 garbage-first heap   total 126976K, used 73113K [0x0000000080000000, 0x0000000100000000)
  region size 1024K, 59 young (60416K), 5 survivors (5120K)
 Metaspace       used 35035K, capacity 35834K, committed 35840K, reserved 1081344K
  class space    used 4536K, capacity 4864K, committed 4864K, reserved 1048576K
}
Event: 16.869 GC heap after
{Heap after GC invocations=9 (full 0):
 garbage-first heap   total 126976K, used 22227K [0x0000000080000000, 0x0000000100000000)
  region size 1024K, 8 young (8192K), 8 survivors (8192K)
 Metaspace       used 35035K, capacity 35834K, committed 35840K, reserved 1081344K
  class space    used 4536K, capacity 4864K, committed 4864K, reserved 1048576K
}
Event: 18.591 GC heap before
{Heap before GC invocations=10 (full 0):
 garbage-first heap   total 126976K, used 86739K [0x0000000080000000, 0x0000000100000000)
  region size 1024K, 68 young (69632K), 8 survivors (8192K)
 Metaspace       used 39578K, capacity 40498K, committed 40780K, reserved 1085440K
  class space    used 5054K, capacity 5390K, committed 5452K, reserved 1048576K
}
Event: 18.611 GC heap after
{Heap after GC invocations=11 (full 0):
 garbage-first heap   total 126976K, used 27504K [0x0000000080000000, 0x0000000100000000)
  region size 1024K, 9 young (9216K), 9 survivors (9216K)
 Metaspace       used 39578K, capacity 40498K, committed 40780K, reserved 1085440K
  class space    used 5054K, capacity 5390K, committed 5452K, reserved 1048576K
}
Event: 20.783 GC heap before
{Heap before GC invocations=11 (full 0):
 garbage-first heap   total 126976K, used 90992K [0x0000000080000000, 0x0000000100000000)
  region size 1024K, 70 young (71680K), 9 survivors (9216K)
 Metaspace       used 45146K, capacity 46278K, committed 46540K, reserved 1089536K
  class space    used 5801K, capacity 6225K, committed 6348K, reserved 1048576K
}
Event: 20.800 GC heap after
{Heap after GC invocations=12 (full 0):
 garbage-first heap   total 126976K, used 29153K [0x0000000080000000, 0x0000000100000000)
  region size 1024K, 3 young (3072K), 3 survivors (3072K)
 Metaspace       used 45146K, capacity 46278K, committed 46540K, reserved 1089536K
  class space    used 5801K, capacity 6225K, committed 6348K, reserved 1048576K
}
Event: 26.395 GC heap before
{Heap before GC invocations=12 (full 0):
 garbage-first heap   total 126976K, used 103905K [0x0000000080000000, 0x0000000100000000)
  region size 1024K, 69 young (70656K), 3 survivors (3072K)
 Metaspace       used 48890K, capacity 50192K, committed 50252K, reserved 1093632K
  class space    used 6228K, capacity 6696K, committed 6732K, reserved 1048576K
}
Event: 26.407 GC heap after
{Heap after GC invocations=13 (full 0):
 garbage-first heap   total 126976K, used 46725K [0x0000000080000000, 0x0000000100000000)
  region size 1024K, 9 young (9216K), 9 survivors (9216K)
 Metaspace       used 48890K, capacity 50192K, committed 50252K, reserved 1093632K
  class space    used 6228K, capacity 6696K, committed 6732K, reserved 1048576K
}
Event: 31.630 GC heap before
{Heap before GC invocations=13 (full 0):
 garbage-first heap   total 126976K, used 97925K [0x0000000080000000, 0x0000000100000000)
  region size 1024K, 59 young (60416K), 9 survivors (9216K)
 Metaspace       used 56289K, capacity 57671K, committed 57932K, reserved 1099776K
  class space    used 7122K, capacity 7628K, committed 7756K, reserved 1048576K
}
Event: 31.645 GC heap after
{Heap after GC invocations=14 (full 0):
 garbage-first heap   total 126976K, used 49683K [0x0000000080000000, 0x0000000100000000)
  region size 1024K, 3 young (3072K), 3 survivors (3072K)
 Metaspace       used 56289K, capacity 57671K, committed 57932K, reserved 1099776K
  class space    used 7122K, capacity 7628K, committed 7756K, reserved 1048576K
}
Event: 32.330 GC heap before
{Heap before GC invocations=14 (full 0):
 garbage-first heap   total 126976K, used 61971K [0x0000000080000000, 0x0000000100000000)
  region size 1024K, 16 young (16384K), 3 survivors (3072K)
 Metaspace       used 58741K, capacity 60178K, committed 60236K, reserved 1101824K
  class space    used 7436K, capacity 7974K, committed 8012K, reserved 1048576K
}
Event: 32.338 GC heap after
{Heap after GC invocations=15 (full 0):
 garbage-first heap   total 126976K, used 50310K [0x0000000080000000, 0x0000000100000000)
  region size 1024K, 4 young (4096K), 4 survivors (4096K)
 Metaspace       used 58741K, capacity 60178K, committed 60236K, reserved 1101824K
  class space    used 7436K, capacity 7974K, committed 8012K, reserved 1048576K
}
Event: 34.433 GC heap before
{Heap before GC invocations=16 (full 0):
 garbage-first heap   total 126976K, used 100486K [0x0000000080000000, 0x0000000100000000)
  region size 1024K, 53 young (54272K), 4 survivors (4096K)
 Metaspace       used 63141K, capacity 64649K, committed 64972K, reserved 1105920K
  class space    used 7994K, capacity 8534K, committed 8652K, reserved 1048576K
}
Event: 34.452 GC heap after
{Heap after GC invocations=17 (full 0):
 garbage-first heap   total 126976K, used 53808K [0x0000000080000000, 0x0000000100000000)
  region size 1024K, 7 young (7168K), 7 survivors (7168K)
 Metaspace       used 63141K, capacity 64649K, committed 64972K, reserved 1105920K
  class space    used 7994K, capacity 8534K, committed 8652K, reserved 1048576K
}
Event: 37.240 GC heap before
{Heap before GC invocations=18 (full 0):
 garbage-first heap   total 126976K, used 101936K [0x0000000080000000, 0x0000000100000000)
  region size 1024K, 54 young (55296K), 7 survivors (7168K)
 Metaspace       used 65592K, capacity 67201K, committed 67276K, reserved 1107968K
  class space    used 8313K, capacity 8890K, committed 8908K, reserved 1048576K
}
Event: 37.258 GC heap after
{Heap after GC invocations=19 (full 0):
 garbage-first heap   total 126976K, used 58211K [0x0000000080000000, 0x0000000100000000)
  region size 1024K, 5 young (5120K), 5 survivors (5120K)
 Metaspace       used 65592K, capacity 67201K, committed 67276K, reserved 1107968K
  class space    used 8313K, capacity 8890K, committed 8908K, reserved 1048576K
}

