# JRE version: OpenJDK Runtime Environment (11.0.10) (build 11.0.10+0-b96-7249189)
# Java VM: OpenJDK 64-Bit Server VM (11.0.10+0-b96-7249189, mixed mode, tiered, compressed oops, g1 gc, windows-amd64)
Heap:
 garbage-first heap   total 126976K, used 24434K [0x0000000080000000, 0x0000000100000000)
  region size 1024K, 9 young (9216K), 5 survivors (5120K)
 Metaspace       used 34125K, capacity 34970K, committed 35328K, reserved 1079296K
  class space    used 4426K, capacity 4745K, committed 4864K, reserved 1048576K
GC Heap History (14 events):
Event: 2.306 GC heap before
{Heap before GC invocations=0 (full 0):
 garbage-first heap   total 126976K, used 19456K [0x0000000080000000, 0x0000000100000000)
  region size 1024K, 14 young (14336K), 0 survivors (0K)
 Metaspace       used 6749K, capacity 6925K, committed 7168K, reserved 1056768K
  class space    used 582K, capacity 650K, committed 768K, reserved 1048576K
}
Event: 2.314 GC heap after
{Heap after GC invocations=1 (full 0):
 garbage-first heap   total 126976K, used 7785K [0x0000000080000000, 0x0000000100000000)
  region size 1024K, 2 young (2048K), 2 survivors (2048K)
 Metaspace       used 6749K, capacity 6925K, committed 7168K, reserved 1056768K
  class space    used 582K, capacity 650K, committed 768K, reserved 1048576K
}
Event: 3.275 GC heap before
{Heap before GC invocations=1 (full 0):
 garbage-first heap   total 126976K, used 19049K [0x0000000080000000, 0x0000000100000000)
  region size 1024K, 13 young (13312K), 2 survivors (2048K)
 Metaspace       used 10199K, capacity 10367K, committed 10624K, reserved 1058816K
  class space    used 1064K, capacity 1141K, committed 1152K, reserved 1048576K
}
Event: 3.281 GC heap after
{Heap after GC invocations=2 (full 0):
 garbage-first heap   total 126976K, used 9335K [0x0000000080000000, 0x0000000100000000)
  region size 1024K, 2 young (2048K), 2 survivors (2048K)
 Metaspace       used 10199K, capacity 10367K, committed 10624K, reserved 1058816K
  class space    used 1064K, capacity 1141K, committed 1152K, reserved 1048576K
}
Event: 5.647 GC heap before
{Heap before GC invocations=2 (full 0):
 garbage-first heap   total 126976K, used 36983K [0x0000000080000000, 0x0000000100000000)
  region size 1024K, 29 young (29696K), 2 survivors (2048K)
 Metaspace       used 11143K, capacity 11384K, committed 11520K, reserved 1058816K
  class space    used 1166K, capacity 1245K, committed 1280K, reserved 1048576K
}
Event: 5.653 GC heap after
{Heap after GC invocations=3 (full 0):
 garbage-first heap   total 126976K, used 12737K [0x0000000080000000, 0x0000000100000000)
  region size 1024K, 4 young (4096K), 4 survivors (4096K)
 Metaspace       used 11143K, capacity 11384K, committed 11520K, reserved 1058816K
  class space    used 1166K, capacity 1245K, committed 1280K, reserved 1048576K
}
Event: 12.437 GC heap before
{Heap before GC invocations=3 (full 0):
 garbage-first heap   total 126976K, used 69057K [0x0000000080000000, 0x0000000100000000)
  region size 1024K, 60 young (61440K), 4 survivors (4096K)
 Metaspace       used 19123K, capacity 19526K, committed 19712K, reserved 1067008K
  class space    used 2311K, capacity 2438K, committed 2560K, reserved 1048576K
}
Event: 12.448 GC heap after
{Heap after GC invocations=4 (full 0):
 garbage-first heap   total 126976K, used 16064K [0x0000000080000000, 0x0000000100000000)
  region size 1024K, 8 young (8192K), 8 survivors (8192K)
 Metaspace       used 19123K, capacity 19526K, committed 19712K, reserved 1067008K
  class space    used 2311K, capacity 2438K, committed 2560K, reserved 1048576K
}
Event: 12.943 GC heap before
{Heap before GC invocations=4 (full 0):
 garbage-first heap   total 126976K, used 27328K [0x0000000080000000, 0x0000000100000000)
  region size 1024K, 20 young (20480K), 8 survivors (8192K)
 Metaspace       used 20586K, capacity 21096K, committed 21248K, reserved 1067008K
  class space    used 2506K, capacity 2690K, committed 2816K, reserved 1048576K
}
Event: 12.955 GC heap after
{Heap after GC invocations=5 (full 0):
 garbage-first heap   total 126976K, used 17482K [0x0000000080000000, 0x0000000100000000)
  region size 1024K, 1 young (1024K), 1 survivors (1024K)
 Metaspace       used 20586K, capacity 21096K, committed 21248K, reserved 1067008K
  class space    used 2506K, capacity 2690K, committed 2816K, reserved 1048576K
}
Event: 15.612 GC heap before
{Heap before GC invocations=6 (full 0):
 garbage-first heap   total 126976K, used 66634K [0x0000000080000000, 0x0000000100000000)
  region size 1024K, 49 young (50176K), 1 survivors (1024K)
 Metaspace       used 25676K, capacity 26332K, committed 26368K, reserved 1073152K
  class space    used 3350K, capacity 3568K, committed 3584K, reserved 1048576K
}
Event: 15.622 GC heap after
{Heap after GC invocations=7 (full 0):
 garbage-first heap   total 126976K, used 18799K [0x0000000080000000, 0x0000000100000000)
  region size 1024K, 3 young (3072K), 3 survivors (3072K)
 Metaspace       used 25676K, capacity 26332K, committed 26368K, reserved 1073152K
  class space    used 3350K, capacity 3568K, committed 3584K, reserved 1048576K
}
Event: 35.819 GC heap before
{Heap before GC invocations=7 (full 0):
 garbage-first heap   total 126976K, used 72047K [0x0000000080000000, 0x0000000100000000)
  region size 1024K, 55 young (56320K), 3 survivors (3072K)
 Metaspace       used 32360K, capacity 33078K, committed 33152K, reserved 1077248K
  class space    used 4224K, capacity 4475K, committed 4480K, reserved 1048576K
}
Event: 35.828 GC heap after
{Heap after GC invocations=8 (full 0):
 garbage-first heap   total 126976K, used 21362K [0x0000000080000000, 0x0000000100000000)
  region size 1024K, 5 young (5120K), 5 survivors (5120K)
 Metaspace       used 32360K, capacity 33078K, committed 33152K, reserved 1077248K
  class space    used 4224K, capacity 4475K, committed 4480K, reserved 1048576K
}

