# JRE version: OpenJDK Runtime Environment (11.0.10) (build 11.0.10+0-b96-7249189)
# Java VM: OpenJDK 64-Bit Server VM (11.0.10+0-b96-7249189, mixed mode, tiered, compressed oops, g1 gc, windows-amd64)
Heap:
 garbage-first heap   total 183296K, used 138156K [0x0000000080000000, 0x0000000100000000)
  region size 1024K, 63 young (64512K), 8 survivors (8192K)
 Metaspace       used 88720K, capacity 90886K, committed 91136K, reserved 1128448K
  class space    used 11425K, capacity 12211K, committed 12288K, reserved 1048576K
GC Heap History (20 events):
Event: 9.974 GC heap before
{Heap before GC invocations=9 (full 0):
 garbage-first heap   total 152576K, used 93256K [0x0000000080000000, 0x0000000100000000)
  region size 1024K, 73 young (74752K), 7 survivors (7168K)
 Metaspace       used 39887K, capacity 40886K, committed 41088K, reserved 1085440K
  class space    used 5106K, capacity 5455K, committed 5504K, reserved 1048576K
}
Event: 9.988 GC heap after
{Heap after GC invocations=10 (full 0):
 garbage-first heap   total 152576K, used 27071K [0x0000000080000000, 0x0000000100000000)
  region size 1024K, 9 young (9216K), 9 survivors (9216K)
 Metaspace       used 39887K, capacity 40886K, committed 41088K, reserved 1085440K
  class space    used 5106K, capacity 5455K, committed 5504K, reserved 1048576K
}
Event: 11.660 GC heap before
{Heap before GC invocations=10 (full 0):
 garbage-first heap   total 152576K, used 95679K [0x0000000080000000, 0x0000000100000000)
  region size 1024K, 76 young (77824K), 9 survivors (9216K)
 Metaspace       used 45869K, capacity 47017K, committed 47360K, reserved 1089536K
  class space    used 5876K, capacity 6300K, committed 6400K, reserved 1048576K
}
Event: 11.680 GC heap after
{Heap after GC invocations=11 (full 0):
 garbage-first heap   total 152576K, used 29874K [0x0000000080000000, 0x0000000100000000)
  region size 1024K, 8 young (8192K), 8 survivors (8192K)
 Metaspace       used 45869K, capacity 47017K, committed 47360K, reserved 1089536K
  class space    used 5876K, capacity 6300K, committed 6400K, reserved 1048576K
}
Event: 14.470 GC heap before
{Heap before GC invocations=11 (full 0):
 garbage-first heap   total 152576K, used 111794K [0x0000000080000000, 0x0000000100000000)
  region size 1024K, 80 young (81920K), 8 survivors (8192K)
 Metaspace       used 51160K, capacity 52475K, committed 52608K, reserved 1095680K
  class space    used 6511K, capacity 6944K, committed 7040K, reserved 1048576K
}
Event: 14.493 GC heap after
{Heap after GC invocations=12 (full 0):
 garbage-first heap   total 183296K, used 46828K [0x0000000080000000, 0x0000000100000000)
  region size 1024K, 10 young (10240K), 10 survivors (10240K)
 Metaspace       used 51160K, capacity 52475K, committed 52608K, reserved 1095680K
  class space    used 6511K, capacity 6944K, committed 7040K, reserved 1048576K
}
Event: 16.126 GC heap before
{Heap before GC invocations=12 (full 0):
 garbage-first heap   total 183296K, used 93932K [0x0000000080000000, 0x0000000100000000)
  region size 1024K, 57 young (58368K), 10 survivors (10240K)
 Metaspace       used 58598K, capacity 60062K, committed 60160K, reserved 1101824K
  class space    used 7418K, capacity 7979K, committed 8064K, reserved 1048576K
}
Event: 16.150 GC heap after
{Heap after GC invocations=13 (full 0):
 garbage-first heap   total 183296K, used 50484K [0x0000000080000000, 0x0000000100000000)
  region size 1024K, 3 young (3072K), 3 survivors (3072K)
 Metaspace       used 58598K, capacity 60062K, committed 60160K, reserved 1101824K
  class space    used 7418K, capacity 7979K, committed 8064K, reserved 1048576K
}
Event: 18.234 GC heap before
{Heap before GC invocations=14 (full 0):
 garbage-first heap   total 183296K, used 118068K [0x0000000080000000, 0x0000000100000000)
  region size 1024K, 69 young (70656K), 3 survivors (3072K)
 Metaspace       used 64958K, capacity 66461K, committed 66688K, reserved 1107968K
  class space    used 8229K, capacity 8797K, committed 8832K, reserved 1048576K
}
Event: 18.256 GC heap after
{Heap after GC invocations=15 (full 0):
 garbage-first heap   total 183296K, used 54699K [0x0000000080000000, 0x0000000100000000)
  region size 1024K, 7 young (7168K), 7 survivors (7168K)
 Metaspace       used 64958K, capacity 66461K, committed 66688K, reserved 1107968K
  class space    used 8229K, capacity 8797K, committed 8832K, reserved 1048576K
}
Event: 21.905 GC heap before
{Heap before GC invocations=16 (full 0):
 garbage-first heap   total 183296K, used 124331K [0x0000000080000000, 0x0000000100000000)
  region size 1024K, 75 young (76800K), 7 survivors (7168K)
 Metaspace       used 70179K, capacity 71775K, committed 71936K, reserved 1112064K
  class space    used 9046K, capacity 9645K, committed 9728K, reserved 1048576K
}
Event: 21.924 GC heap after
{Heap after GC invocations=17 (full 0):
 garbage-first heap   total 183296K, used 60030K [0x0000000080000000, 0x0000000100000000)
  region size 1024K, 10 young (10240K), 10 survivors (10240K)
 Metaspace       used 70179K, capacity 71775K, committed 71936K, reserved 1112064K
  class space    used 9046K, capacity 9645K, committed 9728K, reserved 1048576K
}
Event: 26.134 GC heap before
{Heap before GC invocations=17 (full 0):
 garbage-first heap   total 183296K, used 129662K [0x0000000080000000, 0x0000000100000000)
  region size 1024K, 78 young (79872K), 10 survivors (10240K)
 Metaspace       used 77655K, capacity 79446K, committed 79616K, reserved 1118208K
  class space    used 10094K, capacity 10750K, committed 10752K, reserved 1048576K
}
Event: 26.157 GC heap after
{Heap after GC invocations=18 (full 0):
 garbage-first heap   total 183296K, used 65137K [0x0000000080000000, 0x0000000100000000)
  region size 1024K, 5 young (5120K), 5 survivors (5120K)
 Metaspace       used 77655K, capacity 79446K, committed 79616K, reserved 1118208K
  class space    used 10094K, capacity 10750K, committed 10752K, reserved 1048576K
}
Event: 28.508 GC heap before
{Heap before GC invocations=18 (full 0):
 garbage-first heap   total 183296K, used 133745K [0x0000000080000000, 0x0000000100000000)
  region size 1024K, 73 young (74752K), 5 survivors (5120K)
 Metaspace       used 81850K, capacity 83872K, committed 84224K, reserved 1122304K
  class space    used 10671K, capacity 11404K, committed 11520K, reserved 1048576K
}
Event: 28.525 GC heap after
{Heap after GC invocations=19 (full 0):
 garbage-first heap   total 183296K, used 69353K [0x0000000080000000, 0x0000000100000000)
  region size 1024K, 9 young (9216K), 9 survivors (9216K)
 Metaspace       used 81850K, capacity 83872K, committed 84224K, reserved 1122304K
  class space    used 10671K, capacity 11404K, committed 11520K, reserved 1048576K
}
Event: 31.222 GC heap before
{Heap before GC invocations=19 (full 0):
 garbage-first heap   total 183296K, used 136937K [0x0000000080000000, 0x0000000100000000)
  region size 1024K, 76 young (77824K), 9 survivors (9216K)
 Metaspace       used 82783K, capacity 84863K, committed 84992K, reserved 1122304K
  class space    used 10724K, capacity 11493K, committed 11520K, reserved 1048576K
}
Event: 31.241 GC heap after
{Heap after GC invocations=20 (full 0):
 garbage-first heap   total 183296K, used 73783K [0x0000000080000000, 0x0000000100000000)
  region size 1024K, 10 young (10240K), 10 survivors (10240K)
 Metaspace       used 82783K, capacity 84863K, committed 84992K, reserved 1122304K
  class space    used 10724K, capacity 11493K, committed 11520K, reserved 1048576K
}
Event: 33.239 GC heap before
{Heap before GC invocations=20 (full 0):
 garbage-first heap   total 183296K, used 140343K [0x0000000080000000, 0x0000000100000000)
  region size 1024K, 76 young (77824K), 10 survivors (10240K)
 Metaspace       used 85713K, capacity 87829K, committed 87936K, reserved 1126400K
  class space    used 11073K, capacity 11859K, committed 11904K, reserved 1048576K
}
Event: 33.258 GC heap after
{Heap after GC invocations=21 (full 0):
 garbage-first heap   total 183296K, used 76716K [0x0000000080000000, 0x0000000100000000)
  region size 1024K, 8 young (8192K), 8 survivors (8192K)
 Metaspace       used 85713K, capacity 87829K, committed 87936K, reserved 1126400K
  class space    used 11073K, capacity 11859K, committed 11904K, reserved 1048576K
}

