# JRE version: OpenJDK Runtime Environment (11.0.10) (build 11.0.10+0-b96-7249189)
# Java VM: OpenJDK 64-Bit Server VM (11.0.10+0-b96-7249189, mixed mode, tiered, compressed oops, g1 gc, windows-amd64)
Heap:
 garbage-first heap   total 162816K, used 49645K [0x0000000084800000, 0x0000000100000000)
  region size 1024K, 25 young (25600K), 7 survivors (7168K)
 Metaspace       used 45044K, capacity 45549K, committed 45696K, reserved 1089536K
  class space    used 5314K, capacity 5475K, committed 5504K, reserved 1048576K
GC Heap History (10 events):
Event: 0.625 GC heap before
{Heap before GC invocations=0 (full 0):
 garbage-first heap   total 126976K, used 17408K [0x0000000084800000, 0x0000000100000000)
  region size 1024K, 14 young (14336K), 0 survivors (0K)
 Metaspace       used 9758K, capacity 9871K, committed 10112K, reserved 1058816K
  class space    used 829K, capacity 884K, committed 896K, reserved 1048576K
}
Event: 0.630 GC heap after
{Heap after GC invocations=1 (full 0):
 garbage-first heap   total 126976K, used 5136K [0x0000000084800000, 0x0000000100000000)
  region size 1024K, 2 young (2048K), 2 survivors (2048K)
 Metaspace       used 9758K, capacity 9871K, committed 10112K, reserved 1058816K
  class space    used 829K, capacity 884K, committed 896K, reserved 1048576K
}
Event: 1.776 GC heap before
{Heap before GC invocations=1 (full 0):
 garbage-first heap   total 126976K, used 51216K [0x0000000084800000, 0x0000000100000000)
  region size 1024K, 48 young (49152K), 2 survivors (2048K)
 Metaspace       used 20916K, capacity 21101K, committed 21248K, reserved 1069056K
  class space    used 2219K, capacity 2286K, committed 2304K, reserved 1048576K
}
Event: 1.798 GC heap after
{Heap after GC invocations=2 (full 0):
 garbage-first heap   total 126976K, used 9466K [0x0000000084800000, 0x0000000100000000)
  region size 1024K, 7 young (7168K), 7 survivors (7168K)
 Metaspace       used 20916K, capacity 21101K, committed 21248K, reserved 1069056K
  class space    used 2219K, capacity 2286K, committed 2304K, reserved 1048576K
}
Event: 3.024 GC heap before
{Heap before GC invocations=3 (full 0):
 garbage-first heap   total 126976K, used 70906K [0x0000000084800000, 0x0000000100000000)
  region size 1024K, 55 young (56320K), 7 survivors (7168K)
 Metaspace       used 31222K, capacity 31688K, committed 31872K, reserved 1077248K
  class space    used 3713K, capacity 3888K, committed 3968K, reserved 1048576K
}
Event: 3.054 GC heap after
{Heap after GC invocations=4 (full 0):
 garbage-first heap   total 126976K, used 23779K [0x0000000084800000, 0x0000000100000000)
  region size 1024K, 6 young (6144K), 6 survivors (6144K)
 Metaspace       used 31222K, capacity 31688K, committed 31872K, reserved 1077248K
  class space    used 3713K, capacity 3888K, committed 3968K, reserved 1048576K
}
Event: 3.479 GC heap before
{Heap before GC invocations=4 (full 0):
 garbage-first heap   total 126976K, used 42211K [0x0000000084800000, 0x0000000100000000)
  region size 1024K, 25 young (25600K), 6 survivors (6144K)
 Metaspace       used 35143K, capacity 35533K, committed 35584K, reserved 1081344K
  class space    used 4140K, capacity 4315K, committed 4352K, reserved 1048576K
}
Event: 3.503 GC heap after
{Heap after GC invocations=5 (full 0):
 garbage-first heap   total 126976K, used 26031K [0x0000000084800000, 0x0000000100000000)
  region size 1024K, 3 young (3072K), 3 survivors (3072K)
 Metaspace       used 35143K, capacity 35533K, committed 35584K, reserved 1081344K
  class space    used 4140K, capacity 4315K, committed 4352K, reserved 1048576K
}
Event: 4.715 GC heap before
{Heap before GC invocations=6 (full 0):
 garbage-first heap   total 126976K, used 76207K [0x0000000084800000, 0x0000000100000000)
  region size 1024K, 52 young (53248K), 3 survivors (3072K)
 Metaspace       used 44886K, capacity 45352K, committed 45440K, reserved 1089536K
  class space    used 5314K, capacity 5475K, committed 5504K, reserved 1048576K
}
Event: 4.742 GC heap after
{Heap after GC invocations=7 (full 0):
 garbage-first heap   total 162816K, used 31213K [0x0000000084800000, 0x0000000100000000)
  region size 1024K, 7 young (7168K), 7 survivors (7168K)
 Metaspace       used 44886K, capacity 45352K, committed 45440K, reserved 1089536K
  class space    used 5314K, capacity 5475K, committed 5504K, reserved 1048576K
}

