# JRE version: OpenJDK Runtime Environment (11.0.10) (build 11.0.10+0-b96-7249189)
# Java VM: OpenJDK 64-Bit Server VM (11.0.10+0-b96-7249189, mixed mode, tiered, compressed oops, g1 gc, windows-amd64)
Heap:
 garbage-first heap   total 220160K, used 102541K [0x0000000080000000, 0x0000000100000000)
  region size 1024K, 25 young (25600K), 13 survivors (13312K)
 Metaspace       used 89683K, capacity 91856K, committed 91980K, reserved 1128448K
  class space    used 11573K, capacity 12340K, committed 12364K, reserved 1048576K
GC Heap History (20 events):
Event: 11.091 GC heap before
{Heap before GC invocations=11 (full 0):
 garbage-first heap   total 152576K, used 85459K [0x0000000080000000, 0x0000000100000000)
  region size 1024K, 65 young (66560K), 8 survivors (8192K)
 Metaspace       used 44177K, capacity 45265K, committed 45516K, reserved 1089536K
  class space    used 5660K, capacity 6036K, committed 6092K, reserved 1048576K
}
Event: 11.106 GC heap after
{Heap after GC invocations=12 (full 0):
 garbage-first heap   total 152576K, used 29346K [0x0000000080000000, 0x0000000100000000)
  region size 1024K, 8 young (8192K), 8 survivors (8192K)
 Metaspace       used 44177K, capacity 45265K, committed 45516K, reserved 1089536K
  class space    used 5660K, capacity 6036K, committed 6092K, reserved 1048576K
}
Event: 13.064 GC heap before
{Heap before GC invocations=12 (full 0):
 garbage-first heap   total 152576K, used 97954K [0x0000000080000000, 0x0000000100000000)
  region size 1024K, 68 young (69632K), 8 survivors (8192K)
 Metaspace       used 47293K, capacity 48541K, committed 48716K, reserved 1091584K
  class space    used 6025K, capacity 6460K, committed 6476K, reserved 1048576K
}
Event: 13.082 GC heap after
{Heap after GC invocations=13 (full 0):
 garbage-first heap   total 183296K, used 45714K [0x0000000080000000, 0x0000000100000000)
  region size 1024K, 9 young (9216K), 9 survivors (9216K)
 Metaspace       used 47293K, capacity 48541K, committed 48716K, reserved 1091584K
  class space    used 6025K, capacity 6460K, committed 6476K, reserved 1048576K
}
Event: 16.108 GC heap before
{Heap before GC invocations=13 (full 0):
 garbage-first heap   total 183296K, used 124562K [0x0000000080000000, 0x0000000100000000)
  region size 1024K, 86 young (88064K), 9 survivors (9216K)
 Metaspace       used 57978K, capacity 59417K, committed 59596K, reserved 1101824K
  class space    used 7358K, capacity 7871K, committed 7884K, reserved 1048576K
}
Event: 16.124 GC heap after
{Heap after GC invocations=14 (full 0):
 garbage-first heap   total 183296K, used 50079K [0x0000000080000000, 0x0000000100000000)
  region size 1024K, 4 young (4096K), 4 survivors (4096K)
 Metaspace       used 57978K, capacity 59417K, committed 59596K, reserved 1101824K
  class space    used 7358K, capacity 7871K, committed 7884K, reserved 1048576K
}
Event: 16.234 GC heap before
{Heap before GC invocations=14 (full 0):
 garbage-first heap   total 183296K, used 53151K [0x0000000080000000, 0x0000000100000000)
  region size 1024K, 8 young (8192K), 4 survivors (4096K)
 Metaspace       used 58684K, capacity 60170K, committed 60236K, reserved 1101824K
  class space    used 7430K, capacity 7972K, committed 8012K, reserved 1048576K
}
Event: 16.244 GC heap after
{Heap after GC invocations=15 (full 0):
 garbage-first heap   total 183296K, used 50849K [0x0000000080000000, 0x0000000100000000)
  region size 1024K, 5 young (5120K), 5 survivors (5120K)
 Metaspace       used 58684K, capacity 60170K, committed 60236K, reserved 1101824K
  class space    used 7430K, capacity 7972K, committed 8012K, reserved 1048576K
}
Event: 18.127 GC heap before
{Heap before GC invocations=16 (full 0):
 garbage-first heap   total 183296K, used 121505K [0x0000000080000000, 0x0000000100000000)
  region size 1024K, 74 young (75776K), 5 survivors (5120K)
 Metaspace       used 65127K, capacity 66567K, committed 66764K, reserved 1107968K
  class space    used 8239K, capacity 8786K, committed 8908K, reserved 1048576K
}
Event: 18.149 GC heap after
{Heap after GC invocations=17 (full 0):
 garbage-first heap   total 183296K, used 55131K [0x0000000080000000, 0x0000000100000000)
  region size 1024K, 9 young (9216K), 9 survivors (9216K)
 Metaspace       used 65127K, capacity 66567K, committed 66764K, reserved 1107968K
  class space    used 8239K, capacity 8786K, committed 8908K, reserved 1048576K
}
Event: 19.978 GC heap before
{Heap before GC invocations=18 (full 0):
 garbage-first heap   total 183296K, used 126811K [0x0000000080000000, 0x0000000100000000)
  region size 1024K, 79 young (80896K), 9 survivors (9216K)
 Metaspace       used 70674K, capacity 72246K, committed 72524K, reserved 1112064K
  class space    used 9118K, capacity 9717K, committed 9804K, reserved 1048576K
}
Event: 20.000 GC heap after
{Heap after GC invocations=19 (full 0):
 garbage-first heap   total 183296K, used 60416K [0x0000000080000000, 0x0000000100000000)
  region size 1024K, 10 young (10240K), 10 survivors (10240K)
 Metaspace       used 70674K, capacity 72246K, committed 72524K, reserved 1112064K
  class space    used 9118K, capacity 9717K, committed 9804K, reserved 1048576K
}
Event: 22.054 GC heap before
{Heap before GC invocations=19 (full 0):
 garbage-first heap   total 183296K, used 133120K [0x0000000080000000, 0x0000000100000000)
  region size 1024K, 81 young (82944K), 10 survivors (10240K)
 Metaspace       used 77170K, capacity 78889K, committed 79180K, reserved 1118208K
  class space    used 10043K, capacity 10691K, committed 10828K, reserved 1048576K
}
Event: 22.075 GC heap after
{Heap after GC invocations=20 (full 0):
 garbage-first heap   total 183296K, used 66317K [0x0000000080000000, 0x0000000100000000)
  region size 1024K, 11 young (11264K), 11 survivors (11264K)
 Metaspace       used 77170K, capacity 78889K, committed 79180K, reserved 1118208K
  class space    used 10043K, capacity 10691K, committed 10828K, reserved 1048576K
}
Event: 25.578 GC heap before
{Heap before GC invocations=20 (full 0):
 garbage-first heap   total 183296K, used 136973K [0x0000000080000000, 0x0000000100000000)
  region size 1024K, 81 young (82944K), 11 survivors (11264K)
 Metaspace       used 81955K, capacity 83958K, committed 84172K, reserved 1122304K
  class space    used 10673K, capacity 11426K, committed 11468K, reserved 1048576K
}
Event: 25.604 GC heap after
{Heap after GC invocations=21 (full 0):
 garbage-first heap   total 220160K, used 71244K [0x0000000080000000, 0x0000000100000000)
  region size 1024K, 10 young (10240K), 10 survivors (10240K)
 Metaspace       used 81955K, capacity 83958K, committed 84172K, reserved 1122304K
  class space    used 10673K, capacity 11426K, committed 11468K, reserved 1048576K
}
Event: 27.224 GC heap before
{Heap before GC invocations=21 (full 0):
 garbage-first heap   total 220160K, used 155212K [0x0000000080000000, 0x0000000100000000)
  region size 1024K, 93 young (95232K), 10 survivors (10240K)
 Metaspace       used 84321K, capacity 86382K, committed 86476K, reserved 1124352K
  class space    used 10887K, capacity 11654K, committed 11724K, reserved 1048576K
}
Event: 27.251 GC heap after
{Heap after GC invocations=22 (full 0):
 garbage-first heap   total 220160K, used 76752K [0x0000000080000000, 0x0000000100000000)
  region size 1024K, 11 young (11264K), 11 survivors (11264K)
 Metaspace       used 84321K, capacity 86382K, committed 86476K, reserved 1124352K
  class space    used 10887K, capacity 11654K, committed 11724K, reserved 1048576K
}
Event: 28.490 GC heap before
{Heap before GC invocations=22 (full 0):
 garbage-first heap   total 220160K, used 171984K [0x0000000080000000, 0x0000000100000000)
  region size 1024K, 98 young (100352K), 11 survivors (11264K)
 Metaspace       used 87800K, capacity 89928K, committed 90188K, reserved 1128448K
  class space    used 11300K, capacity 12082K, committed 12108K, reserved 1048576K
}
Event: 28.512 GC heap after
{Heap after GC invocations=23 (full 0):
 garbage-first heap   total 220160K, used 91277K [0x0000000080000000, 0x0000000100000000)
  region size 1024K, 13 young (13312K), 13 survivors (13312K)
 Metaspace       used 87800K, capacity 89928K, committed 90188K, reserved 1128448K
  class space    used 11300K, capacity 12082K, committed 12108K, reserved 1048576K
}

