# JRE version: OpenJDK Runtime Environment (11.0.10) (build 11.0.10+0-b96-7249189)
# Java VM: OpenJDK 64-Bit Server VM (11.0.10+0-b96-7249189, mixed mode, tiered, compressed oops, g1 gc, windows-amd64)
Heap:
 garbage-first heap   total 153600K, used 92552K [0x0000000080000000, 0x0000000100000000)
  region size 1024K, 39 young (39936K), 5 survivors (5120K)
 Metaspace       used 70852K, capacity 72510K, committed 72780K, reserved 1112064K
  class space    used 9129K, capacity 9717K, committed 9804K, reserved 1048576K
GC Heap History (20 events):
Event: 4.726 GC heap before
{Heap before GC invocations=3 (full 0):
 garbage-first heap   total 126976K, used 69905K [0x0000000080000000, 0x0000000100000000)
  region size 1024K, 60 young (61440K), 4 survivors (4096K)
 Metaspace       used 19145K, capacity 19558K, committed 19712K, reserved 1067008K
  class space    used 2320K, capacity 2470K, committed 2560K, reserved 1048576K
}
Event: 4.772 GC heap after
{Heap after GC invocations=4 (full 0):
 garbage-first heap   total 126976K, used 16552K [0x0000000080000000, 0x0000000100000000)
  region size 1024K, 8 young (8192K), 8 survivors (8192K)
 Metaspace       used 19145K, capacity 19558K, committed 19712K, reserved 1067008K
  class space    used 2320K, capacity 2470K, committed 2560K, reserved 1048576K
}
Event: 5.217 GC heap before
{Heap before GC invocations=4 (full 0):
 garbage-first heap   total 126976K, used 25768K [0x0000000080000000, 0x0000000100000000)
  region size 1024K, 18 young (18432K), 8 survivors (8192K)
 Metaspace       used 20588K, capacity 21096K, committed 21248K, reserved 1067008K
  class space    used 2505K, capacity 2690K, committed 2816K, reserved 1048576K
}
Event: 5.230 GC heap after
{Heap after GC invocations=5 (full 0):
 garbage-first heap   total 153600K, used 16879K [0x0000000080000000, 0x0000000100000000)
  region size 1024K, 1 young (1024K), 1 survivors (1024K)
 Metaspace       used 20588K, capacity 21096K, committed 21248K, reserved 1067008K
  class space    used 2505K, capacity 2690K, committed 2816K, reserved 1048576K
}
Event: 8.893 GC heap before
{Heap before GC invocations=6 (full 0):
 garbage-first heap   total 153600K, used 72175K [0x0000000080000000, 0x0000000100000000)
  region size 1024K, 55 young (56320K), 1 survivors (1024K)
 Metaspace       used 26064K, capacity 26751K, committed 27008K, reserved 1073152K
  class space    used 3406K, capacity 3665K, committed 3712K, reserved 1048576K
}
Event: 8.898 GC heap after
{Heap after GC invocations=7 (full 0):
 garbage-first heap   total 153600K, used 18548K [0x0000000080000000, 0x0000000100000000)
  region size 1024K, 3 young (3072K), 3 survivors (3072K)
 Metaspace       used 26064K, capacity 26751K, committed 27008K, reserved 1073152K
  class space    used 3406K, capacity 3665K, committed 3712K, reserved 1048576K
}
Event: 13.909 GC heap before
{Heap before GC invocations=7 (full 0):
 garbage-first heap   total 153600K, used 72820K [0x0000000080000000, 0x0000000100000000)
  region size 1024K, 57 young (58368K), 3 survivors (3072K)
 Metaspace       used 34994K, capacity 35802K, committed 35840K, reserved 1081344K
  class space    used 4537K, capacity 4832K, committed 4864K, reserved 1048576K
}
Event: 13.925 GC heap after
{Heap after GC invocations=8 (full 0):
 garbage-first heap   total 153600K, used 22481K [0x0000000080000000, 0x0000000100000000)
  region size 1024K, 7 young (7168K), 7 survivors (7168K)
 Metaspace       used 34994K, capacity 35802K, committed 35840K, reserved 1081344K
  class space    used 4537K, capacity 4832K, committed 4864K, reserved 1048576K
}
Event: 16.276 GC heap before
{Heap before GC invocations=9 (full 0):
 garbage-first heap   total 153600K, used 91089K [0x0000000080000000, 0x0000000100000000)
  region size 1024K, 71 young (72704K), 7 survivors (7168K)
 Metaspace       used 39757K, capacity 40722K, committed 40780K, reserved 1085440K
  class space    used 5087K, capacity 5422K, committed 5452K, reserved 1048576K
}
Event: 16.291 GC heap after
{Heap after GC invocations=10 (full 0):
 garbage-first heap   total 153600K, used 27086K [0x0000000080000000, 0x0000000100000000)
  region size 1024K, 9 young (9216K), 9 survivors (9216K)
 Metaspace       used 39757K, capacity 40722K, committed 40780K, reserved 1085440K
  class space    used 5087K, capacity 5422K, committed 5452K, reserved 1048576K
}
Event: 19.750 GC heap before
{Heap before GC invocations=10 (full 0):
 garbage-first heap   total 153600K, used 98766K [0x0000000080000000, 0x0000000100000000)
  region size 1024K, 79 young (80896K), 9 survivors (9216K)
 Metaspace       used 45997K, capacity 47086K, committed 47308K, reserved 1089536K
  class space    used 5892K, capacity 6300K, committed 6348K, reserved 1048576K
}
Event: 19.766 GC heap after
{Heap after GC invocations=11 (full 0):
 garbage-first heap   total 153600K, used 30072K [0x0000000080000000, 0x0000000100000000)
  region size 1024K, 8 young (8192K), 8 survivors (8192K)
 Metaspace       used 45997K, capacity 47086K, committed 47308K, reserved 1089536K
  class space    used 5892K, capacity 6300K, committed 6348K, reserved 1048576K
}
Event: 28.745 GC heap before
{Heap before GC invocations=11 (full 0):
 garbage-first heap   total 153600K, used 113016K [0x0000000080000000, 0x0000000100000000)
  region size 1024K, 82 young (83968K), 8 survivors (8192K)
 Metaspace       used 51664K, capacity 53058K, committed 53196K, reserved 1095680K
  class space    used 6579K, capacity 7077K, committed 7116K, reserved 1048576K
}
Event: 28.763 GC heap after
{Heap after GC invocations=12 (full 0):
 garbage-first heap   total 153600K, used 46938K [0x0000000080000000, 0x0000000100000000)
  region size 1024K, 11 young (11264K), 11 survivors (11264K)
 Metaspace       used 51664K, capacity 53058K, committed 53196K, reserved 1095680K
  class space    used 6579K, capacity 7077K, committed 7116K, reserved 1048576K
}
Event: 32.866 GC heap before
{Heap before GC invocations=12 (full 0):
 garbage-first heap   total 153600K, used 90970K [0x0000000080000000, 0x0000000100000000)
  region size 1024K, 55 young (56320K), 11 survivors (11264K)
 Metaspace       used 58703K, capacity 60202K, committed 60236K, reserved 1101824K
  class space    used 7438K, capacity 7981K, committed 8012K, reserved 1048576K
}
Event: 32.892 GC heap after
{Heap after GC invocations=13 (full 0):
 garbage-first heap   total 153600K, used 50641K [0x0000000080000000, 0x0000000100000000)
  region size 1024K, 3 young (3072K), 3 survivors (3072K)
 Metaspace       used 58703K, capacity 60202K, committed 60236K, reserved 1101824K
  class space    used 7438K, capacity 7981K, committed 8012K, reserved 1048576K
}
Event: 36.870 GC heap before
{Heap before GC invocations=14 (full 0):
 garbage-first heap   total 153600K, used 105937K [0x0000000080000000, 0x0000000100000000)
  region size 1024K, 57 young (58368K), 3 survivors (3072K)
 Metaspace       used 63868K, capacity 65321K, committed 65484K, reserved 1105920K
  class space    used 8093K, capacity 8630K, committed 8652K, reserved 1048576K
}
Event: 36.884 GC heap after
{Heap after GC invocations=15 (full 0):
 garbage-first heap   total 153600K, used 54288K [0x0000000080000000, 0x0000000100000000)
  region size 1024K, 7 young (7168K), 7 survivors (7168K)
 Metaspace       used 63868K, capacity 65321K, committed 65484K, reserved 1105920K
  class space    used 8093K, capacity 8630K, committed 8652K, reserved 1048576K
}
Event: 40.474 GC heap before
{Heap before GC invocations=16 (full 0):
 garbage-first heap   total 153600K, used 109584K [0x0000000080000000, 0x0000000100000000)
  region size 1024K, 61 young (62464K), 7 survivors (7168K)
 Metaspace       used 66895K, capacity 68490K, committed 68684K, reserved 1110016K
  class space    used 8466K, capacity 9020K, committed 9036K, reserved 1048576K
}
Event: 40.492 GC heap after
{Heap after GC invocations=17 (full 0):
 garbage-first heap   total 153600K, used 58760K [0x0000000080000000, 0x0000000100000000)
  region size 1024K, 5 young (5120K), 5 survivors (5120K)
 Metaspace       used 66895K, capacity 68490K, committed 68684K, reserved 1110016K
  class space    used 8466K, capacity 9020K, committed 9036K, reserved 1048576K
}

