# JRE version: OpenJDK Runtime Environment (11.0.10) (build 11.0.10+0-b96-7249189)
# Java VM: OpenJDK 64-Bit Server VM (11.0.10+0-b96-7249189, mixed mode, tiered, compressed oops, g1 gc, windows-amd64)
Heap:
 garbage-first heap   total 162816K, used 150404K [0x0000000080000000, 0x0000000100000000)
  region size 1024K, 3 young (3072K), 1 survivors (1024K)
 Metaspace       used 113797K, capacity 116861K, committed 117324K, reserved 1150976K
  class space    used 14418K, capacity 15516K, committed 15692K, reserved 1048576K
GC Heap History (20 events):
Event: 1936.421 GC heap before
{Heap before GC invocations=95 (full 0):
 garbage-first heap   total 152576K, used 133520K [0x0000000080000000, 0x0000000100000000)
  region size 1024K, 11 young (11264K), 2 survivors (2048K)
 Metaspace       used 111865K, capacity 114905K, committed 115020K, reserved 1148928K
  class space    used 14266K, capacity 15341K, committed 15436K, reserved 1048576K
}
Event: 1936.426 GC heap after
{Heap after GC invocations=96 (full 0):
 garbage-first heap   total 152576K, used 125145K [0x0000000080000000, 0x0000000100000000)
  region size 1024K, 2 young (2048K), 2 survivors (2048K)
 Metaspace       used 111865K, capacity 114905K, committed 115020K, reserved 1148928K
  class space    used 14266K, capacity 15341K, committed 15436K, reserved 1048576K
}
Event: 1936.738 GC heap before
{Heap before GC invocations=96 (full 0):
 garbage-first heap   total 152576K, used 133337K [0x0000000080000000, 0x0000000100000000)
  region size 1024K, 10 young (10240K), 2 survivors (2048K)
 Metaspace       used 112013K, capacity 115072K, committed 115276K, reserved 1148928K
  class space    used 14271K, capacity 15373K, committed 15436K, reserved 1048576K
}
Event: 1936.744 GC heap after
{Heap after GC invocations=97 (full 0):
 garbage-first heap   total 152576K, used 126394K [0x0000000080000000, 0x0000000100000000)
  region size 1024K, 2 young (2048K), 2 survivors (2048K)
 Metaspace       used 112013K, capacity 115072K, committed 115276K, reserved 1148928K
  class space    used 14271K, capacity 15373K, committed 15436K, reserved 1048576K
}
Event: 1937.420 GC heap before
{Heap before GC invocations=97 (full 0):
 garbage-first heap   total 152576K, used 132538K [0x0000000080000000, 0x0000000100000000)
  region size 1024K, 9 young (9216K), 2 survivors (2048K)
 Metaspace       used 112087K, capacity 115155K, committed 115276K, reserved 1148928K
  class space    used 14276K, capacity 15378K, committed 15436K, reserved 1048576K
}
Event: 1937.427 GC heap after
{Heap after GC invocations=98 (full 0):
 garbage-first heap   total 152576K, used 127985K [0x0000000080000000, 0x0000000100000000)
  region size 1024K, 2 young (2048K), 2 survivors (2048K)
 Metaspace       used 112087K, capacity 115155K, committed 115276K, reserved 1148928K
  class space    used 14276K, capacity 15378K, committed 15436K, reserved 1048576K
}
Event: 1937.610 GC heap before
{Heap before GC invocations=98 (full 0):
 garbage-first heap   total 152576K, used 132081K [0x0000000080000000, 0x0000000100000000)
  region size 1024K, 7 young (7168K), 2 survivors (2048K)
 Metaspace       used 112215K, capacity 115280K, committed 115532K, reserved 1148928K
  class space    used 14299K, capacity 15419K, committed 15436K, reserved 1048576K
}
Event: 1937.615 GC heap after
{Heap after GC invocations=99 (full 0):
 garbage-first heap   total 152576K, used 128504K [0x0000000080000000, 0x0000000100000000)
  region size 1024K, 1 young (1024K), 1 survivors (1024K)
 Metaspace       used 112215K, capacity 115280K, committed 115532K, reserved 1148928K
  class space    used 14299K, capacity 15419K, committed 15436K, reserved 1048576K
}
Event: 1938.183 GC heap before
{Heap before GC invocations=99 (full 0):
 garbage-first heap   total 152576K, used 136696K [0x0000000080000000, 0x0000000100000000)
  region size 1024K, 7 young (7168K), 1 survivors (1024K)
 Metaspace       used 112906K, capacity 116019K, committed 116172K, reserved 1150976K
  class space    used 14331K, capacity 15452K, committed 15564K, reserved 1048576K
}
Event: 1938.189 GC heap after
{Heap after GC invocations=100 (full 0):
 garbage-first heap   total 152576K, used 134020K [0x0000000080000000, 0x0000000100000000)
  region size 1024K, 1 young (1024K), 1 survivors (1024K)
 Metaspace       used 112906K, capacity 116019K, committed 116172K, reserved 1150976K
  class space    used 14331K, capacity 15452K, committed 15564K, reserved 1048576K
}
Event: 1938.423 GC heap before
{Heap before GC invocations=100 (full 0):
 garbage-first heap   total 152576K, used 140164K [0x0000000080000000, 0x0000000100000000)
  region size 1024K, 7 young (7168K), 1 survivors (1024K)
 Metaspace       used 113392K, capacity 116487K, committed 116684K, reserved 1150976K
  class space    used 14387K, capacity 15523K, committed 15564K, reserved 1048576K
}
Event: 1938.431 GC heap after
{Heap after GC invocations=101 (full 0):
 garbage-first heap   total 152576K, used 135378K [0x0000000080000000, 0x0000000100000000)
  region size 1024K, 1 young (1024K), 1 survivors (1024K)
 Metaspace       used 113392K, capacity 116487K, committed 116684K, reserved 1150976K
  class space    used 14387K, capacity 15523K, committed 15564K, reserved 1048576K
}
Event: 1938.516 GC heap before
{Heap before GC invocations=101 (full 0):
 garbage-first heap   total 152576K, used 141522K [0x0000000080000000, 0x0000000100000000)
  region size 1024K, 7 young (7168K), 1 survivors (1024K)
 Metaspace       used 113410K, capacity 116487K, committed 116684K, reserved 1150976K
  class space    used 14387K, capacity 15523K, committed 15564K, reserved 1048576K
}
Event: 1938.526 GC heap after
{Heap after GC invocations=102 (full 0):
 garbage-first heap   total 152576K, used 139688K [0x0000000080000000, 0x0000000100000000)
  region size 1024K, 1 young (1024K), 1 survivors (1024K)
 Metaspace       used 113410K, capacity 116487K, committed 116684K, reserved 1150976K
  class space    used 14387K, capacity 15523K, committed 15564K, reserved 1048576K
}
Event: 1939.014 GC heap before
{Heap before GC invocations=103 (full 0):
 garbage-first heap   total 152576K, used 145832K [0x0000000080000000, 0x0000000100000000)
  region size 1024K, 7 young (7168K), 1 survivors (1024K)
 Metaspace       used 113553K, capacity 116541K, committed 116812K, reserved 1150976K
  class space    used 14397K, capacity 15516K, committed 15692K, reserved 1048576K
}
Event: 1939.019 GC heap after
{Heap after GC invocations=104 (full 0):
 garbage-first heap   total 152576K, used 140903K [0x0000000080000000, 0x0000000100000000)
  region size 1024K, 1 young (1024K), 1 survivors (1024K)
 Metaspace       used 113553K, capacity 116541K, committed 116812K, reserved 1150976K
  class space    used 14397K, capacity 15516K, committed 15692K, reserved 1048576K
}
Event: 1939.414 GC heap before
{Heap before GC invocations=104 (full 0):
 garbage-first heap   total 152576K, used 147047K [0x0000000080000000, 0x0000000100000000)
  region size 1024K, 7 young (7168K), 1 survivors (1024K)
 Metaspace       used 113762K, capacity 116797K, committed 117068K, reserved 1150976K
  class space    used 14416K, capacity 15516K, committed 15692K, reserved 1048576K
}
Event: 1939.451 GC heap after
{Heap after GC invocations=105 (full 0):
 garbage-first heap   total 154624K, used 131367K [0x0000000080000000, 0x0000000100000000)
  region size 1024K, 1 young (1024K), 1 survivors (1024K)
 Metaspace       used 113762K, capacity 116797K, committed 117068K, reserved 1150976K
  class space    used 14416K, capacity 15516K, committed 15692K, reserved 1048576K
}
Event: 1939.581 GC heap before
{Heap before GC invocations=105 (full 0):
 garbage-first heap   total 154624K, used 136487K [0x0000000080000000, 0x0000000100000000)
  region size 1024K, 7 young (7168K), 1 survivors (1024K)
 Metaspace       used 113784K, capacity 116797K, committed 117068K, reserved 1150976K
  class space    used 14416K, capacity 15516K, committed 15692K, reserved 1048576K
}
Event: 1939.595 GC heap after
{Heap after GC invocations=106 (full 0):
 garbage-first heap   total 154624K, used 137092K [0x0000000080000000, 0x0000000100000000)
  region size 1024K, 1 young (1024K), 1 survivors (1024K)
 Metaspace       used 113784K, capacity 116797K, committed 117068K, reserved 1150976K
  class space    used 14416K, capacity 15516K, committed 15692K, reserved 1048576K
}

