# JRE version: OpenJDK Runtime Environment (11.0.10) (build 11.0.10+0-b96-7249189)
# Java VM: OpenJDK 64-Bit Server VM (11.0.10+0-b96-7249189, mixed mode, tiered, compressed oops, g1 gc, windows-amd64)
Heap:
 garbage-first heap   total 534528K, used 261889K [0x0000000080000000, 0x0000000100000000)
  region size 1024K, 57 young (58368K), 6 survivors (6144K)
 Metaspace       used 117152K, capacity 120367K, committed 121164K, reserved 1153024K
  class space    used 15174K, capacity 16381K, committed 16768K, reserved 1048576K
GC Heap History (20 events):
Event: 221.634 GC heap before
{Heap before GC invocations=43 (full 0):
 garbage-first heap   total 183296K, used 163035K [0x0000000080000000, 0x0000000100000000)
  region size 1024K, 8 young (8192K), 1 survivors (1024K)
 Metaspace       used 116629K, capacity 119766K, committed 120652K, reserved 1153024K
  class space    used 15157K, capacity 16336K, committed 16768K, reserved 1048576K
}
Event: 221.645 GC heap after
{Heap after GC invocations=44 (full 0):
 garbage-first heap   total 183296K, used 160363K [0x0000000080000000, 0x0000000100000000)
  region size 1024K, 1 young (1024K), 1 survivors (1024K)
 Metaspace       used 116629K, capacity 119766K, committed 120652K, reserved 1153024K
  class space    used 15157K, capacity 16336K, committed 16768K, reserved 1048576K
}
Event: 222.009 GC heap before
{Heap before GC invocations=44 (full 0):
 garbage-first heap   total 183296K, used 169579K [0x0000000080000000, 0x0000000100000000)
  region size 1024K, 8 young (8192K), 1 survivors (1024K)
 Metaspace       used 116629K, capacity 119766K, committed 120652K, reserved 1153024K
  class space    used 15157K, capacity 16336K, committed 16768K, reserved 1048576K
}
Event: 222.026 GC heap after
{Heap after GC invocations=45 (full 0):
 garbage-first heap   total 220160K, used 166059K [0x0000000080000000, 0x0000000100000000)
  region size 1024K, 1 young (1024K), 1 survivors (1024K)
 Metaspace       used 116629K, capacity 119766K, committed 120652K, reserved 1153024K
  class space    used 15157K, capacity 16336K, committed 16768K, reserved 1048576K
}
Event: 222.268 GC heap before
{Heap before GC invocations=45 (full 0):
 garbage-first heap   total 220160K, used 176299K [0x0000000080000000, 0x0000000100000000)
  region size 1024K, 12 young (12288K), 1 survivors (1024K)
 Metaspace       used 116713K, capacity 119829K, committed 120908K, reserved 1153024K
  class space    used 15159K, capacity 16331K, committed 16768K, reserved 1048576K
}
Event: 222.288 GC heap after
{Heap after GC invocations=46 (full 0):
 garbage-first heap   total 220160K, used 169984K [0x0000000080000000, 0x0000000100000000)
  region size 1024K, 2 young (2048K), 2 survivors (2048K)
 Metaspace       used 116713K, capacity 119829K, committed 120908K, reserved 1153024K
  class space    used 15159K, capacity 16331K, committed 16768K, reserved 1048576K
}
Event: 222.605 GC heap before
{Heap before GC invocations=47 (full 0):
 garbage-first heap   total 220160K, used 181248K [0x0000000080000000, 0x0000000100000000)
  region size 1024K, 13 young (13312K), 2 survivors (2048K)
 Metaspace       used 116763K, capacity 119853K, committed 120908K, reserved 1153024K
  class space    used 15161K, capacity 16335K, committed 16768K, reserved 1048576K
}
Event: 222.621 GC heap after
{Heap after GC invocations=48 (full 0):
 garbage-first heap   total 220160K, used 171941K [0x0000000080000000, 0x0000000100000000)
  region size 1024K, 2 young (2048K), 2 survivors (2048K)
 Metaspace       used 116763K, capacity 119853K, committed 120908K, reserved 1153024K
  class space    used 15161K, capacity 16335K, committed 16768K, reserved 1048576K
}
Event: 222.819 GC heap before
{Heap before GC invocations=48 (full 0):
 garbage-first heap   total 220160K, used 182181K [0x0000000080000000, 0x0000000100000000)
  region size 1024K, 13 young (13312K), 2 survivors (2048K)
 Metaspace       used 116768K, capacity 119855K, committed 120908K, reserved 1153024K
  class space    used 15161K, capacity 16335K, committed 16768K, reserved 1048576K
}
Event: 222.829 GC heap after
{Heap after GC invocations=49 (full 0):
 garbage-first heap   total 220160K, used 173546K [0x0000000080000000, 0x0000000100000000)
  region size 1024K, 2 young (2048K), 2 survivors (2048K)
 Metaspace       used 116768K, capacity 119855K, committed 120908K, reserved 1153024K
  class space    used 15161K, capacity 16335K, committed 16768K, reserved 1048576K
}
Event: 223.353 GC heap before
{Heap before GC invocations=49 (full 0):
 garbage-first heap   total 220160K, used 183786K [0x0000000080000000, 0x0000000100000000)
  region size 1024K, 12 young (12288K), 2 survivors (2048K)
 Metaspace       used 116838K, capacity 119931K, committed 120908K, reserved 1153024K
  class space    used 15161K, capacity 16335K, committed 16768K, reserved 1048576K
}
Event: 223.365 GC heap after
{Heap after GC invocations=50 (full 0):
 garbage-first heap   total 312320K, used 175733K [0x0000000080000000, 0x0000000100000000)
  region size 1024K, 2 young (2048K), 2 survivors (2048K)
 Metaspace       used 116838K, capacity 119931K, committed 120908K, reserved 1153024K
  class space    used 15161K, capacity 16335K, committed 16768K, reserved 1048576K
}
Event: 224.216 GC heap before
{Heap before GC invocations=51 (full 0):
 garbage-first heap   total 312320K, used 210549K [0x0000000080000000, 0x0000000100000000)
  region size 1024K, 38 young (38912K), 2 survivors (2048K)
 Metaspace       used 116875K, capacity 119999K, committed 120908K, reserved 1153024K
  class space    used 15161K, capacity 16335K, committed 16768K, reserved 1048576K
}
Event: 224.261 GC heap after
{Heap after GC invocations=52 (full 0):
 garbage-first heap   total 312320K, used 180877K [0x0000000080000000, 0x0000000100000000)
  region size 1024K, 5 young (5120K), 5 survivors (5120K)
 Metaspace       used 116875K, capacity 119999K, committed 120908K, reserved 1153024K
  class space    used 15161K, capacity 16335K, committed 16768K, reserved 1048576K
}
Event: 224.913 GC heap before
{Heap before GC invocations=52 (full 0):
 garbage-first heap   total 312320K, used 194189K [0x0000000080000000, 0x0000000100000000)
  region size 1024K, 15 young (15360K), 5 survivors (5120K)
 Metaspace       used 116904K, capacity 120002K, committed 120908K, reserved 1153024K
  class space    used 15161K, capacity 16335K, committed 16768K, reserved 1048576K
}
Event: 224.946 GC heap after
{Heap after GC invocations=53 (full 0):
 garbage-first heap   total 312320K, used 183744K [0x0000000080000000, 0x0000000100000000)
  region size 1024K, 2 young (2048K), 2 survivors (2048K)
 Metaspace       used 116904K, capacity 120002K, committed 120908K, reserved 1153024K
  class space    used 15161K, capacity 16335K, committed 16768K, reserved 1048576K
}
Event: 226.269 GC heap before
{Heap before GC invocations=53 (full 0):
 garbage-first heap   total 312320K, used 229824K [0x0000000080000000, 0x0000000100000000)
  region size 1024K, 39 young (39936K), 2 survivors (2048K)
 Metaspace       used 116962K, capacity 120103K, committed 120908K, reserved 1153024K
  class space    used 15168K, capacity 16347K, committed 16768K, reserved 1048576K
}
Event: 226.281 GC heap after
{Heap after GC invocations=54 (full 0):
 garbage-first heap   total 312320K, used 196865K [0x0000000080000000, 0x0000000100000000)
  region size 1024K, 5 young (5120K), 5 survivors (5120K)
 Metaspace       used 116962K, capacity 120103K, committed 120908K, reserved 1153024K
  class space    used 15168K, capacity 16347K, committed 16768K, reserved 1048576K
}
Event: 226.547 GC heap before
{Heap before GC invocations=54 (full 0):
 garbage-first heap   total 312320K, used 233729K [0x0000000080000000, 0x0000000100000000)
  region size 1024K, 41 young (41984K), 5 survivors (5120K)
 Metaspace       used 116962K, capacity 120103K, committed 120908K, reserved 1153024K
  class space    used 15168K, capacity 16347K, committed 16768K, reserved 1048576K
}
Event: 226.577 GC heap after
{Heap after GC invocations=55 (full 0):
 garbage-first heap   total 534528K, used 204545K [0x0000000080000000, 0x0000000100000000)
  region size 1024K, 6 young (6144K), 6 survivors (6144K)
 Metaspace       used 116962K, capacity 120103K, committed 120908K, reserved 1153024K
  class space    used 15168K, capacity 16347K, committed 16768K, reserved 1048576K
}

