# JRE version: OpenJDK Runtime Environment (11.0.10) (build 11.0.10+0-b96-7249189)
# Java VM: OpenJDK 64-Bit Server VM (11.0.10+0-b96-7249189, mixed mode, tiered, compressed oops, g1 gc, windows-amd64)
Heap:
 garbage-first heap   total 161792K, used 41707K [0x0000000084800000, 0x0000000100000000)
  region size 1024K, 18 young (18432K), 6 survivors (6144K)
 Metaspace       used 46378K, capacity 46934K, committed 47232K, reserved 1091584K
  class space    used 5483K, capacity 5659K, committed 5760K, reserved 1048576K
GC Heap History (10 events):
Event: 0.781 GC heap before
{Heap before GC invocations=0 (full 0):
 garbage-first heap   total 126976K, used 17408K [0x0000000084800000, 0x0000000100000000)
  region size 1024K, 14 young (14336K), 0 survivors (0K)
 Metaspace       used 9795K, capacity 9871K, committed 10112K, reserved 1058816K
  class space    used 829K, capacity 884K, committed 896K, reserved 1048576K
}
Event: 0.787 GC heap after
{Heap after GC invocations=1 (full 0):
 garbage-first heap   total 126976K, used 5191K [0x0000000084800000, 0x0000000100000000)
  region size 1024K, 2 young (2048K), 2 survivors (2048K)
 Metaspace       used 9795K, capacity 9871K, committed 10112K, reserved 1058816K
  class space    used 829K, capacity 884K, committed 896K, reserved 1048576K
}
Event: 2.171 GC heap before
{Heap before GC invocations=1 (full 0):
 garbage-first heap   total 126976K, used 51271K [0x0000000084800000, 0x0000000100000000)
  region size 1024K, 48 young (49152K), 2 survivors (2048K)
 Metaspace       used 20967K, capacity 21169K, committed 21248K, reserved 1069056K
  class space    used 2210K, capacity 2265K, committed 2304K, reserved 1048576K
}
Event: 2.198 GC heap after
{Heap after GC invocations=2 (full 0):
 garbage-first heap   total 126976K, used 9505K [0x0000000084800000, 0x0000000100000000)
  region size 1024K, 7 young (7168K), 7 survivors (7168K)
 Metaspace       used 20967K, capacity 21169K, committed 21248K, reserved 1069056K
  class space    used 2210K, capacity 2265K, committed 2304K, reserved 1048576K
}
Event: 3.728 GC heap before
{Heap before GC invocations=3 (full 0):
 garbage-first heap   total 126976K, used 69921K [0x0000000084800000, 0x0000000100000000)
  region size 1024K, 54 young (55296K), 7 survivors (7168K)
 Metaspace       used 31396K, capacity 31902K, committed 32128K, reserved 1077248K
  class space    used 3717K, capacity 3875K, committed 3968K, reserved 1048576K
}
Event: 3.767 GC heap after
{Heap after GC invocations=4 (full 0):
 garbage-first heap   total 126976K, used 23493K [0x0000000084800000, 0x0000000100000000)
  region size 1024K, 6 young (6144K), 6 survivors (6144K)
 Metaspace       used 31396K, capacity 31902K, committed 32128K, reserved 1077248K
  class space    used 3717K, capacity 3875K, committed 3968K, reserved 1048576K
}
Event: 4.244 GC heap before
{Heap before GC invocations=4 (full 0):
 garbage-first heap   total 126976K, used 40901K [0x0000000084800000, 0x0000000100000000)
  region size 1024K, 24 young (24576K), 6 survivors (6144K)
 Metaspace       used 35201K, capacity 35768K, committed 35840K, reserved 1081344K
  class space    used 4144K, capacity 4332K, committed 4352K, reserved 1048576K
}
Event: 4.271 GC heap after
{Heap after GC invocations=5 (full 0):
 garbage-first heap   total 126976K, used 25600K [0x0000000084800000, 0x0000000100000000)
  region size 1024K, 2 young (2048K), 2 survivors (2048K)
 Metaspace       used 35201K, capacity 35768K, committed 35840K, reserved 1081344K
  class space    used 4144K, capacity 4332K, committed 4352K, reserved 1048576K
}
Event: 5.700 GC heap before
{Heap before GC invocations=6 (full 0):
 garbage-first heap   total 126976K, used 74752K [0x0000000084800000, 0x0000000100000000)
  region size 1024K, 50 young (51200K), 2 survivors (2048K)
 Metaspace       used 45793K, capacity 46348K, committed 46464K, reserved 1089536K
  class space    used 5456K, capacity 5657K, committed 5760K, reserved 1048576K
}
Event: 5.720 GC heap after
{Heap after GC invocations=7 (full 0):
 garbage-first heap   total 161792K, used 29419K [0x0000000084800000, 0x0000000100000000)
  region size 1024K, 6 young (6144K), 6 survivors (6144K)
 Metaspace       used 45793K, capacity 46348K, committed 46464K, reserved 1089536K
  class space    used 5456K, capacity 5657K, committed 5760K, reserved 1048576K
}

