# JRE version: OpenJDK Runtime Environment (11.0.10) (build 11.0.10+0-b96-7249189)
# Java VM: OpenJDK 64-Bit Server VM (11.0.10+0-b96-7249189, mixed mode, tiered, compressed oops, g1 gc, windows-amd64)
Heap:
 garbage-first heap   total 183296K, used 110561K [0x0000000080000000, 0x0000000100000000)
  region size 1024K, 15 young (15360K), 8 survivors (8192K)
 Metaspace       used 90722K, capacity 92902K, committed 93132K, reserved 1130496K
  class space    used 11707K, capacity 12479K, committed 12544K, reserved 1048576K
GC Heap History (20 events):
Event: 20.661 GC heap before
{Heap before GC invocations=13 (full 0):
 garbage-first heap   total 152576K, used 95068K [0x0000000080000000, 0x0000000100000000)
  region size 1024K, 59 young (60416K), 11 survivors (11264K)
 Metaspace       used 58572K, capacity 60058K, committed 60160K, reserved 1101824K
  class space    used 7408K, capacity 7936K, committed 7936K, reserved 1048576K
}
Event: 20.687 GC heap after
{Heap after GC invocations=14 (full 0):
 garbage-first heap   total 152576K, used 51056K [0x0000000080000000, 0x0000000100000000)
  region size 1024K, 4 young (4096K), 4 survivors (4096K)
 Metaspace       used 58572K, capacity 60058K, committed 60160K, reserved 1101824K
  class space    used 7408K, capacity 7936K, committed 7936K, reserved 1048576K
}
Event: 22.341 GC heap before
{Heap before GC invocations=15 (full 0):
 garbage-first heap   total 152576K, used 107376K [0x0000000080000000, 0x0000000100000000)
  region size 1024K, 59 young (60416K), 4 survivors (4096K)
 Metaspace       used 63884K, capacity 65402K, committed 65740K, reserved 1105920K
  class space    used 8078K, capacity 8617K, committed 8704K, reserved 1048576K
}
Event: 22.360 GC heap after
{Heap after GC invocations=16 (full 0):
 garbage-first heap   total 152576K, used 54083K [0x0000000080000000, 0x0000000100000000)
  region size 1024K, 7 young (7168K), 7 survivors (7168K)
 Metaspace       used 63884K, capacity 65402K, committed 65740K, reserved 1105920K
  class space    used 8078K, capacity 8617K, committed 8704K, reserved 1048576K
}
Event: 23.633 GC heap before
{Heap before GC invocations=17 (full 0):
 garbage-first heap   total 152576K, used 110403K [0x0000000080000000, 0x0000000100000000)
  region size 1024K, 62 young (63488K), 7 survivors (7168K)
 Metaspace       used 67105K, capacity 68676K, committed 68684K, reserved 1110016K
  class space    used 8491K, capacity 9084K, committed 9088K, reserved 1048576K
}
Event: 23.651 GC heap after
{Heap after GC invocations=18 (full 0):
 garbage-first heap   total 152576K, used 59154K [0x0000000080000000, 0x0000000100000000)
  region size 1024K, 5 young (5120K), 5 survivors (5120K)
 Metaspace       used 67105K, capacity 68676K, committed 68684K, reserved 1110016K
  class space    used 8491K, capacity 9084K, committed 9088K, reserved 1048576K
}
Event: 25.423 GC heap before
{Heap before GC invocations=18 (full 0):
 garbage-first heap   total 152576K, used 114450K [0x0000000080000000, 0x0000000100000000)
  region size 1024K, 59 young (60416K), 5 survivors (5120K)
 Metaspace       used 72932K, capacity 74554K, committed 74828K, reserved 1114112K
  class space    used 9414K, capacity 10031K, committed 10112K, reserved 1048576K
}
Event: 25.438 GC heap after
{Heap after GC invocations=19 (full 0):
 garbage-first heap   total 152576K, used 62690K [0x0000000080000000, 0x0000000100000000)
  region size 1024K, 4 young (4096K), 4 survivors (4096K)
 Metaspace       used 72932K, capacity 74554K, committed 74828K, reserved 1114112K
  class space    used 9414K, capacity 10031K, committed 10112K, reserved 1048576K
}
Event: 26.975 GC heap before
{Heap before GC invocations=19 (full 0):
 garbage-first heap   total 152576K, used 116962K [0x0000000080000000, 0x0000000100000000)
  region size 1024K, 57 young (58368K), 4 survivors (4096K)
 Metaspace       used 78917K, capacity 80703K, committed 80844K, reserved 1120256K
  class space    used 10234K, capacity 10889K, committed 11008K, reserved 1048576K
}
Event: 26.986 GC heap after
{Heap after GC invocations=20 (full 0):
 garbage-first heap   total 152576K, used 65782K [0x0000000080000000, 0x0000000100000000)
  region size 1024K, 7 young (7168K), 7 survivors (7168K)
 Metaspace       used 78917K, capacity 80703K, committed 80844K, reserved 1120256K
  class space    used 10234K, capacity 10889K, committed 11008K, reserved 1048576K
}
Event: 28.537 GC heap before
{Heap before GC invocations=20 (full 0):
 garbage-first heap   total 152576K, used 120054K [0x0000000080000000, 0x0000000100000000)
  region size 1024K, 60 young (61440K), 7 survivors (7168K)
 Metaspace       used 81937K, capacity 84016K, committed 84172K, reserved 1122304K
  class space    used 10681K, capacity 11450K, committed 11520K, reserved 1048576K
}
Event: 28.555 GC heap after
{Heap after GC invocations=21 (full 0):
 garbage-first heap   total 152576K, used 69822K [0x0000000080000000, 0x0000000100000000)
  region size 1024K, 8 young (8192K), 8 survivors (8192K)
 Metaspace       used 81937K, capacity 84016K, committed 84172K, reserved 1122304K
  class space    used 10681K, capacity 11450K, committed 11520K, reserved 1048576K
}
Event: 29.823 GC heap before
{Heap before GC invocations=21 (full 0):
 garbage-first heap   total 152576K, used 121022K [0x0000000080000000, 0x0000000100000000)
  region size 1024K, 59 young (60416K), 8 survivors (8192K)
 Metaspace       used 82753K, capacity 84768K, committed 84940K, reserved 1122304K
  class space    used 10734K, capacity 11507K, committed 11520K, reserved 1048576K
}
Event: 29.843 GC heap after
{Heap after GC invocations=22 (full 0):
 garbage-first heap   total 152576K, used 73350K [0x0000000080000000, 0x0000000100000000)
  region size 1024K, 8 young (8192K), 8 survivors (8192K)
 Metaspace       used 82753K, capacity 84768K, committed 84940K, reserved 1122304K
  class space    used 10734K, capacity 11507K, committed 11520K, reserved 1048576K
}
Event: 30.647 GC heap before
{Heap before GC invocations=22 (full 0):
 garbage-first heap   total 152576K, used 123526K [0x0000000080000000, 0x0000000100000000)
  region size 1024K, 58 young (59392K), 8 survivors (8192K)
 Metaspace       used 84673K, capacity 86718K, committed 86988K, reserved 1124352K
  class space    used 10933K, capacity 11705K, committed 11776K, reserved 1048576K
}
Event: 30.667 GC heap after
{Heap after GC invocations=23 (full 0):
 garbage-first heap   total 183296K, used 75955K [0x0000000080000000, 0x0000000100000000)
  region size 1024K, 7 young (7168K), 7 survivors (7168K)
 Metaspace       used 84673K, capacity 86718K, committed 86988K, reserved 1124352K
  class space    used 10933K, capacity 11705K, committed 11776K, reserved 1048576K
}
Event: 31.556 GC heap before
{Heap before GC invocations=23 (full 0):
 garbage-first heap   total 183296K, used 142515K [0x0000000080000000, 0x0000000100000000)
  region size 1024K, 73 young (74752K), 7 survivors (7168K)
 Metaspace       used 87173K, capacity 89324K, committed 89676K, reserved 1126400K
  class space    used 11247K, capacity 12034K, committed 12160K, reserved 1048576K
}
Event: 31.569 GC heap after
{Heap after GC invocations=24 (full 0):
 garbage-first heap   total 183296K, used 78043K [0x0000000080000000, 0x0000000100000000)
  region size 1024K, 5 young (5120K), 5 survivors (5120K)
 Metaspace       used 87173K, capacity 89324K, committed 89676K, reserved 1126400K
  class space    used 11247K, capacity 12034K, committed 12160K, reserved 1048576K
}
Event: 32.932 GC heap before
{Heap before GC invocations=24 (full 0):
 garbage-first heap   total 183296K, used 111835K [0x0000000080000000, 0x0000000100000000)
  region size 1024K, 31 young (31744K), 5 survivors (5120K)
 Metaspace       used 90688K, capacity 92908K, committed 93132K, reserved 1130496K
  class space    used 11710K, capacity 12526K, committed 12544K, reserved 1048576K
}
Event: 32.950 GC heap after
{Heap after GC invocations=25 (full 0):
 garbage-first heap   total 183296K, used 93153K [0x0000000080000000, 0x0000000100000000)
  region size 1024K, 8 young (8192K), 8 survivors (8192K)
 Metaspace       used 90688K, capacity 92908K, committed 93132K, reserved 1130496K
  class space    used 11710K, capacity 12526K, committed 12544K, reserved 1048576K
}

